# JRE version: 7.0_17-b02
# Java VM: Java HotSpot(TM) 64-Bit Server VM (23.7-b01 mixed mode bsd-amd64 compressed oops)
Heap
 def new generation   total 157376K, used 95001K [0x0000000780000000, 0x000000078aac0000, 0x00000007a0000000)
  eden space 139904K,  59% used [0x0000000780000000, 0x00000007851924f8, 0x00000007888a0000)
  from space 17472K,  65% used [0x00000007899b0000, 0x000000078a4e40c8, 0x000000078aac0000)
  to   space 17472K,   0% used [0x00000007888a0000, 0x00000007888a0000, 0x00000007899b0000)
 tenured generation   total 349568K, used 6722K [0x00000007a0000000, 0x00000007b5560000, 0x00000007e0000000)
   the space 349568K,   1% used [0x00000007a0000000, 0x00000007a0690ab8, 0x00000007a0b6fe00, 0x00000007b5560000)
 compacting perm gen  total 32128K, used 32127K [0x00000007e0000000, 0x00000007e1f60000, 0x0000000800000000)
   the space 32128K,  99% used [0x00000007e0000000, 0x00000007e1f5fff8, 0x00000007e1f60000, 0x00000007e1f60000)
GC Heap History (7 events):
Event: 4.134 GC heap before
{Heap before GC invocations=0 (full 0):
 def new generation   total 157248K, used 139776K [0x0000000780000000, 0x000000078aaa0000, 0x00000007a0000000)
  eden space 139776K, 100% used [0x0000000780000000, 0x0000000788880000, 0x0000000788880000)
  from space 17472K,   0% used [0x0000000788880000, 0x0000000788880000, 0x0000000789990000)
  to   space 17472K,   0% used [0x0000000789990000, 0x0000000789990000, 0x000000078aaa0000)
 tenured generation   total 349568K, used 0K [0x00000007a0000000, 0x00000007b5560000, 0x00000007e0000000)
   the space 349568K,   0% used [0x00000007a0000000, 0x00000007a0000000, 0x00000007a0000200, 0x00000007b5560000)
 compacting perm gen  total 22848K, used 22704K [0x00000007e0000000, 0x00000007e1650000, 0x0000000800000000)
   the space 22848K,  99% used [0x00000007e0000000, 0x00000007e162c140, 0x00000007e162c200, 0x00000007e1650000)
No shared spaces configured.
Event: 4.206 GC heap after
Heap after GC invocations=1 (full 0):
 def new generation   total 157248K, used 16677K [0x0000000780000000, 0x000000078aaa0000, 0x00000007a0000000)
  eden space 139776K,   0% used [0x0000000780000000, 0x0000000780000000, 0x0000000788880000)
  from space 17472K,  95% used [0x0000000789990000, 0x000000078a9d95a0, 0x000000078aaa0000)
  to   space 17472K,   0% used [0x0000000788880000, 0x0000000788880000, 0x0000000789990000)
 tenured generation   total 349568K, used 0K [0x00000007a0000000, 0x00000007b5560000, 0x00000007e0000000)
   the space 349568K,   0% used [0x00000007a0000000, 0x00000007a0000000, 0x00000007a0000200, 0x00000007b5560000)
 compacting perm gen  total 22848K, used 22704K [0x00000007e0000000, 0x00000007e1650000, 0x0000000800000000)
   the space 22848K,  99% used [0x00000007e0000000, 0x00000007e162c140, 0x00000007e162c200, 0x00000007e1650000)
No shared spaces configured.
}
Event: 5.284 GC heap before
{Heap before GC invocations=1 (full 0):
 def new generation   total 157248K, used 69888K [0x0000000780000000, 0x000000078aaa0000, 0x00000007a0000000)
  eden space 139776K,  38% used [0x0000000780000000, 0x00000007833f6cb8, 0x0000000788880000)
  from space 17472K,  95% used [0x0000000789990000, 0x000000078a9d95a0, 0x000000078aaa0000)
  to   space 17472K,   0% used [0x0000000788880000, 0x0000000788880000, 0x0000000789990000)
 tenured generation   total 349568K, used 0K [0x00000007a0000000, 0x00000007b5560000, 0x00000007e0000000)
   the space 349568K,   0% used [0x00000007a0000000, 0x00000007a0000000, 0x00000007a0000200, 0x00000007b5560000)
 compacting perm gen  total 26688K, used 26687K [0x00000007e0000000, 0x00000007e1a10000, 0x0000000800000000)
   the space 26688K,  99% used [0x00000007e0000000, 0x00000007e1a0fe70, 0x00000007e1a10000, 0x00000007e1a10000)
No shared spaces configured.
Event: 5.415 GC heap after
Heap after GC invocations=2 (full 1):
 def new generation   total 157376K, used 0K [0x0000000780000000, 0x000000078aac0000, 0x00000007a0000000)
  eden space 139904K,   0% used [0x0000000780000000, 0x0000000780000000, 0x00000007888a0000)
  from space 17472K,   0% used [0x00000007888a0000, 0x00000007888a0000, 0x00000007899b0000)
  to   space 17472K,   0% used [0x00000007899b0000, 0x00000007899b0000, 0x000000078aac0000)
 tenured generation   total 349568K, used 6722K [0x00000007a0000000, 0x00000007b5560000, 0x00000007e0000000)
   the space 349568K,   1% used [0x00000007a0000000, 0x00000007a0690ab8, 0x00000007a0690c00, 0x00000007b5560000)
 compacting perm gen  total 26688K, used 26687K [0x00000007e0000000, 0x00000007e1a10000, 0x0000000800000000)
   the space 26688K,  99% used [0x00000007e0000000, 0x00000007e1a0fe70, 0x00000007e1a10000, 0x00000007e1a10000)
No shared spaces configured.
}
Event: 7.820 GC heap before
{Heap before GC invocations=2 (full 1):
 def new generation   total 157376K, used 139904K [0x0000000780000000, 0x000000078aac0000, 0x00000007a0000000)
  eden space 139904K, 100% used [0x0000000780000000, 0x00000007888a0000, 0x00000007888a0000)
  from space 17472K,   0% used [0x00000007888a0000, 0x00000007888a0000, 0x00000007899b0000)
  to   space 17472K,   0% used [0x00000007899b0000, 0x00000007899b0000, 0x000000078aac0000)
 tenured generation   total 349568K, used 6722K [0x00000007a0000000, 0x00000007b5560000, 0x00000007e0000000)
   the space 349568K,   1% used [0x00000007a0000000, 0x00000007a0690ab8, 0x00000007a0690c00, 0x00000007b5560000)
 compacting perm gen  total 31488K, used 31200K [0x00000007e0000000, 0x00000007e1ec0000, 0x0000000800000000)
   the space 31488K,  99% used [0x00000007e0000000, 0x00000007e1e78198, 0x00000007e1e78200, 0x00000007e1ec0000)
No shared spaces configured.
Event: 7.874 GC heap after
Heap after GC invocations=3 (full 1):
 def new generation   total 157376K, used 11472K [0x0000000780000000, 0x000000078aac0000, 0x00000007a0000000)
  eden space 139904K,   0% used [0x0000000780000000, 0x0000000780000000, 0x00000007888a0000)
  from space 17472K,  65% used [0x00000007899b0000, 0x000000078a4e40c8, 0x000000078aac0000)
  to   space 17472K,   0% used [0x00000007888a0000, 0x00000007888a0000, 0x00000007899b0000)
 tenured generation   total 349568K, used 6722K [0x00000007a0000000, 0x00000007b5560000, 0x00000007e0000000)
   the space 349568K,   1% used [0x00000007a0000000, 0x00000007a0690ab8, 0x00000007a0690c00, 0x00000007b5560000)
 compacting perm gen  total 31488K, used 31200K [0x00000007e0000000, 0x00000007e1ec0000, 0x0000000800000000)
   the space 31488K,  99% used [0x00000007e0000000, 0x00000007e1e78198, 0x00000007e1e78200, 0x00000007e1ec0000)
No shared spaces configured.
}
Event: 8.770 GC heap before
{Heap before GC invocations=3 (full 1):
 def new generation   total 157376K, used 95001K [0x0000000780000000, 0x000000078aac0000, 0x00000007a0000000)
  eden space 139904K,  59% used [0x0000000780000000, 0x00000007851924f8, 0x00000007888a0000)
  from space 17472K,  65% used [0x00000007899b0000, 0x000000078a4e40c8, 0x000000078aac0000)
  to   space 17472K,   0% used [0x00000007888a0000, 0x00000007888a0000, 0x00000007899b0000)
 tenured generation   total 349568K, used 6722K [0x00000007a0000000, 0x00000007b5560000, 0x00000007e0000000)
   the space 349568K,   1% used [0x00000007a0000000, 0x00000007a0690ab8, 0x00000007a0690c00, 0x00000007b5560000)
 compacting perm gen  total 32128K, used 32127K [0x00000007e0000000, 0x00000007e1f60000, 0x0000000800000000)
   the space 32128K,  99% used [0x00000007e0000000, 0x00000007e1f5fff8, 0x00000007e1f60000, 0x00000007e1f60000)
No shared spaces configured.

