# JRE version: 7.0_17-b02
# Java VM: Java HotSpot(TM) 64-Bit Server VM (23.7-b01 mixed mode bsd-amd64 compressed oops)
Heap
 def new generation   total 157376K, used 90515K [0x0000000780000000, 0x000000078aac0000, 0x00000007a0000000)
  eden space 139904K,  56% used [0x0000000780000000, 0x0000000784cef978, 0x00000007888a0000)
  from space 17472K,  67% used [0x00000007899b0000, 0x000000078a525320, 0x000000078aac0000)
  to   space 17472K,   0% used [0x00000007888a0000, 0x00000007888a0000, 0x00000007899b0000)
 tenured generation   total 349568K, used 6781K [0x00000007a0000000, 0x00000007b5560000, 0x00000007e0000000)
   the space 349568K,   1% used [0x00000007a0000000, 0x00000007a069f560, 0x00000007a0a24c00, 0x00000007b5560000)
 compacting perm gen  total 32128K, used 32127K [0x00000007e0000000, 0x00000007e1f60000, 0x0000000800000000)
   the space 32128K,  99% used [0x00000007e0000000, 0x00000007e1f5ff60, 0x00000007e1f60000, 0x00000007e1f60000)
GC Heap History (7 events):
Event: 3.773 GC heap before
{Heap before GC invocations=0 (full 0):
 def new generation   total 157248K, used 139776K [0x0000000780000000, 0x000000078aaa0000, 0x00000007a0000000)
  eden space 139776K, 100% used [0x0000000780000000, 0x0000000788880000, 0x0000000788880000)
  from space 17472K,   0% used [0x0000000788880000, 0x0000000788880000, 0x0000000789990000)
  to   space 17472K,   0% used [0x0000000789990000, 0x0000000789990000, 0x000000078aaa0000)
 tenured generation   total 349568K, used 0K [0x00000007a0000000, 0x00000007b5560000, 0x00000007e0000000)
   the space 349568K,   0% used [0x00000007a0000000, 0x00000007a0000000, 0x00000007a0000200, 0x00000007b5560000)
 compacting perm gen  total 22848K, used 22618K [0x00000007e0000000, 0x00000007e1650000, 0x0000000800000000)
   the space 22848K,  98% used [0x00000007e0000000, 0x00000007e1616ba8, 0x00000007e1616c00, 0x00000007e1650000)
No shared spaces configured.
Event: 3.839 GC heap after
Heap after GC invocations=1 (full 0):
 def new generation   total 157248K, used 16607K [0x0000000780000000, 0x000000078aaa0000, 0x00000007a0000000)
  eden space 139776K,   0% used [0x0000000780000000, 0x0000000780000000, 0x0000000788880000)
  from space 17472K,  95% used [0x0000000789990000, 0x000000078a9c7f60, 0x000000078aaa0000)
  to   space 17472K,   0% used [0x0000000788880000, 0x0000000788880000, 0x0000000789990000)
 tenured generation   total 349568K, used 0K [0x00000007a0000000, 0x00000007b5560000, 0x00000007e0000000)
   the space 349568K,   0% used [0x00000007a0000000, 0x00000007a0000000, 0x00000007a0000200, 0x00000007b5560000)
 compacting perm gen  total 22848K, used 22618K [0x00000007e0000000, 0x00000007e1650000, 0x0000000800000000)
   the space 22848K,  98% used [0x00000007e0000000, 0x00000007e1616ba8, 0x00000007e1616c00, 0x00000007e1650000)
No shared spaces configured.
}
Event: 4.902 GC heap before
{Heap before GC invocations=1 (full 0):
 def new generation   total 157248K, used 68726K [0x0000000780000000, 0x000000078aaa0000, 0x00000007a0000000)
  eden space 139776K,  37% used [0x0000000780000000, 0x00000007832e59b0, 0x0000000788880000)
  from space 17472K,  95% used [0x0000000789990000, 0x000000078a9c7f60, 0x000000078aaa0000)
  to   space 17472K,   0% used [0x0000000788880000, 0x0000000788880000, 0x0000000789990000)
 tenured generation   total 349568K, used 0K [0x00000007a0000000, 0x00000007b5560000, 0x00000007e0000000)
   the space 349568K,   0% used [0x00000007a0000000, 0x00000007a0000000, 0x00000007a0000200, 0x00000007b5560000)
 compacting perm gen  total 26688K, used 26687K [0x00000007e0000000, 0x00000007e1a10000, 0x0000000800000000)
   the space 26688K,  99% used [0x00000007e0000000, 0x00000007e1a0ffc8, 0x00000007e1a10000, 0x00000007e1a10000)
No shared spaces configured.
Event: 5.032 GC heap after
Heap after GC invocations=2 (full 1):
 def new generation   total 157376K, used 0K [0x0000000780000000, 0x000000078aac0000, 0x00000007a0000000)
  eden space 139904K,   0% used [0x0000000780000000, 0x0000000780000000, 0x00000007888a0000)
  from space 17472K,   0% used [0x00000007888a0000, 0x00000007888a0000, 0x00000007899b0000)
  to   space 17472K,   0% used [0x00000007899b0000, 0x00000007899b0000, 0x000000078aac0000)
 tenured generation   total 349568K, used 6781K [0x00000007a0000000, 0x00000007b5560000, 0x00000007e0000000)
   the space 349568K,   1% used [0x00000007a0000000, 0x00000007a069f560, 0x00000007a069f600, 0x00000007b5560000)
 compacting perm gen  total 26688K, used 26687K [0x00000007e0000000, 0x00000007e1a10000, 0x0000000800000000)
   the space 26688K,  99% used [0x00000007e0000000, 0x00000007e1a0ffc8, 0x00000007e1a10000, 0x00000007e1a10000)
No shared spaces configured.
}
Event: 7.260 GC heap before
{Heap before GC invocations=2 (full 1):
 def new generation   total 157376K, used 139904K [0x0000000780000000, 0x000000078aac0000, 0x00000007a0000000)
  eden space 139904K, 100% used [0x0000000780000000, 0x00000007888a0000, 0x00000007888a0000)
  from space 17472K,   0% used [0x00000007888a0000, 0x00000007888a0000, 0x00000007899b0000)
  to   space 17472K,   0% used [0x00000007899b0000, 0x00000007899b0000, 0x000000078aac0000)
 tenured generation   total 349568K, used 6781K [0x00000007a0000000, 0x00000007b5560000, 0x00000007e0000000)
   the space 349568K,   1% used [0x00000007a0000000, 0x00000007a069f560, 0x00000007a069f600, 0x00000007b5560000)
 compacting perm gen  total 31488K, used 31192K [0x00000007e0000000, 0x00000007e1ec0000, 0x0000000800000000)
   the space 31488K,  99% used [0x00000007e0000000, 0x00000007e1e761e0, 0x00000007e1e76200, 0x00000007e1ec0000)
No shared spaces configured.
Event: 7.313 GC heap after
Heap after GC invocations=3 (full 1):
 def new generation   total 157376K, used 11732K [0x0000000780000000, 0x000000078aac0000, 0x00000007a0000000)
  eden space 139904K,   0% used [0x0000000780000000, 0x0000000780000000, 0x00000007888a0000)
  from space 17472K,  67% used [0x00000007899b0000, 0x000000078a525320, 0x000000078aac0000)
  to   space 17472K,   0% used [0x00000007888a0000, 0x00000007888a0000, 0x00000007899b0000)
 tenured generation   total 349568K, used 6781K [0x00000007a0000000, 0x00000007b5560000, 0x00000007e0000000)
   the space 349568K,   1% used [0x00000007a0000000, 0x00000007a069f560, 0x00000007a069f600, 0x00000007b5560000)
 compacting perm gen  total 31488K, used 31192K [0x00000007e0000000, 0x00000007e1ec0000, 0x0000000800000000)
   the space 31488K,  99% used [0x00000007e0000000, 0x00000007e1e761e0, 0x00000007e1e76200, 0x00000007e1ec0000)
No shared spaces configured.
}
Event: 8.026 GC heap before
{Heap before GC invocations=3 (full 1):
 def new generation   total 157376K, used 90515K [0x0000000780000000, 0x000000078aac0000, 0x00000007a0000000)
  eden space 139904K,  56% used [0x0000000780000000, 0x0000000784cef978, 0x00000007888a0000)
  from space 17472K,  67% used [0x00000007899b0000, 0x000000078a525320, 0x000000078aac0000)
  to   space 17472K,   0% used [0x00000007888a0000, 0x00000007888a0000, 0x00000007899b0000)
 tenured generation   total 349568K, used 6781K [0x00000007a0000000, 0x00000007b5560000, 0x00000007e0000000)
   the space 349568K,   1% used [0x00000007a0000000, 0x00000007a069f560, 0x00000007a069f600, 0x00000007b5560000)
 compacting perm gen  total 32128K, used 32127K [0x00000007e0000000, 0x00000007e1f60000, 0x0000000800000000)
   the space 32128K,  99% used [0x00000007e0000000, 0x00000007e1f5ff60, 0x00000007e1f60000, 0x00000007e1f60000)
No shared spaces configured.

